<?xml version="1.0" encoding="UTF-8"?>
<testsuite name="com.cg.moodanalyzer.MoodAnalyzerTest" tests="3" skipped="0" failures="0" errors="0" timestamp="2020-10-11T14:57:28" hostname="LAPTOP-M4C7MB0K" time="0.011">
  <properties/>
  <testcase name="givenNullMoodShouldThrowException" classname="com.cg.moodanalyzer.MoodAnalyzerTest" time="0.005"/>
  <testcase name="givenMessage_WhenSadMood_ShouldReturnSAD" classname="com.cg.moodanalyzer.MoodAnalyzerTest" time="0.002"/>
  <testcase name="givenMessage_InAnyMood_ShouldReturnHAPPY" classname="com.cg.moodanalyzer.MoodAnalyzerTest" time="0.001"/>
  <system-out><![CDATA[]]></system-out>
  <system-err><![CDATA[]]></system-err>
</testsuite>
