<?xml version="1.0" encoding="UTF-8"?>
<testsuite name="com.cg.moodanalyzer.MoodAnalyzerTest" tests="2" skipped="0" failures="0" errors="0" timestamp="2020-10-11T12:32:54" hostname="LAPTOP-M4C7MB0K" time="0.005">
  <properties/>
  <testcase name="givenMessage_WhenSadMood_ShouldReturnSAD" classname="com.cg.moodanalyzer.MoodAnalyzerTest" time="0.005"/>
  <testcase name="givenMessage_InAnyMood_ShouldReturnHAPPY" classname="com.cg.moodanalyzer.MoodAnalyzerTest" time="0.0"/>
  <system-out><![CDATA[]]></system-out>
  <system-err><![CDATA[]]></system-err>
</testsuite>
